{
  "RSpec": {
    "coverage": {
      "/Users/chadcrissman/Sites/g5/g5_sibling_deployer_engine/lib/g5_sibling_deployer_engine.rb": [
        1,
        1,
        1,
        1,
        1,
        1,
        1,
        null,
        1,
        null,
        null
      ],
      "/Users/chadcrissman/Sites/g5/g5_sibling_deployer_engine/lib/g5_sibling_deployer_engine/engine.rb": [
        1,
        1,
        null,
        null
      ],
      "/Users/chadcrissman/Sites/g5/g5_sibling_deployer_engine/app/controllers/siblings/deploys_controller.rb": [
        1,
        1,
        1,
        null,
        null
      ],
      "/Users/chadcrissman/Sites/g5/g5_sibling_deployer_engine/app/controllers/siblings/application_controller.rb": [
        1,
        null
      ],
      "/Users/chadcrissman/Sites/g5/g5_sibling_deployer_engine/app/controllers/siblings/instructions_controller.rb": [
        1,
        1,
        1,
        null,
        null
      ],
      "/Users/chadcrissman/Sites/g5/g5_sibling_deployer_engine/app/controllers/siblings_controller.rb": [
        1,
        1,
        1,
        null,
        null,
        1,
        2,
        2,
        1,
        null,
        1,
        null,
        null,
        null
      ],
      "/Users/chadcrissman/Sites/g5/g5_sibling_deployer_engine/app/controllers/webhooks_controller.rb": [
        1,
        1,
        1,
        1,
        null,
        null
      ],
      "/Users/chadcrissman/Sites/g5/g5_sibling_deployer_engine/app/workers/sibling_deployer.rb": [
        1,
        1,
        1,
        1,
        null,
        1,
        2,
        null,
        null,
        1,
        5,
        5,
        null,
        null,
        1,
        7,
        7,
        1,
        null,
        null,
        4,
        3,
        3,
        3,
        null,
        1,
        null,
        null,
        1,
        1,
        null,
        null,
        1,
        4,
        null,
        null,
        1,
        3,
        null,
        null
      ],
      "/Users/chadcrissman/Sites/g5/g5_sibling_deployer_engine/app/models/sibling.rb": [
        1,
        1,
        1,
        null,
        1,
        1,
        1,
        1,
        1,
        null,
        1,
        1,
        1,
        null,
        null,
        1,
        51,
        null,
        null,
        1,
        null,
        23,
        25,
        null,
        null,
        null,
        1,
        1,
        null,
        null,
        1,
        25,
        0,
        0,
        0,
        0,
        null,
        null,
        null,
        1,
        2,
        null,
        null,
        null,
        1,
        2,
        null,
        null,
        null,
        null,
        null,
        null,
        null,
        null
      ],
      "/Users/chadcrissman/Sites/g5/g5_sibling_deployer_engine/app/models/sibling/deploy.rb": [
        1,
        null,
        1,
        1,
        null,
        1,
        1,
        1,
        1,
        1,
        null,
        1,
        null,
        1,
        1,
        1,
        null,
        1,
        1,
        null,
        1,
        1,
        null,
        1,
        1,
        null,
        null,
        null,
        2,
        1,
        null,
        1,
        4,
        null,
        4,
        3,
        null,
        3,
        null,
        1,
        0,
        null,
        null,
        1,
        null,
        null,
        7,
        null,
        null,
        1,
        11,
        11,
        null,
        1,
        0,
        null,
        null
      ],
      "/Users/chadcrissman/Sites/g5/g5_sibling_deployer_engine/app/models/sibling/instruction.rb": [
        1,
        null,
        1,
        null,
        1,
        1,
        null,
        1,
        1,
        1,
        null,
        1,
        null,
        1,
        1,
        0,
        null,
        null,
        1,
        8,
        null,
        null,
        1,
        null,
        13,
        3,
        null,
        1,
        null,
        null,
        1,
        1,
        null,
        null,
        1,
        26,
        13,
        null,
        null,
        1,
        17,
        null,
        null,
        1,
        4,
        0,
        0,
        0,
        null,
        null,
        null,
        null,
        1,
        null,
        1,
        0,
        null,
        null
      ],
      "/Users/chadcrissman/Sites/g5/g5_sibling_deployer_engine/app/workers/sibling_consumer.rb": [
        1,
        1,
        1,
        null,
        1,
        4,
        null,
        4,
        null,
        2,
        null,
        2,
        2,
        null,
        null
      ],
      "/Users/chadcrissman/Sites/g5/g5_sibling_deployer_engine/app/workers/sibling_instruction_consumer.rb": [
        1,
        1,
        1,
        null,
        1,
        2,
        null,
        2,
        null,
        1,
        null,
        1,
        1,
        null,
        null
      ]
    },
    "timestamp": 1394564997
  }
}
